Font List
  #0 msyhcon (not used)
    File (null)
    Size 12
    Height 0, Baseline 0

Missing Chars
  0x0008-0x000a
  0x001b-0x001c
  0x0020-0x00ff
  0x0102-0x0107
  0x010c-0x0111
  0x0118-0x011b
  0x011e-0x011f
  0x0130-0x0131
  0x0139-0x013a
  0x013d-0x013e
  0x0141-0x0144
  0x0147-0x0148
  0x0150-0x0155
  0x0158-0x015b
  0x015e-0x0165
  0x016e-0x0171
  0x0173
  0x0178-0x017e
  0x02c7
  0x02d8-0x02d9
  0x02db
  0x02dd
  0x0395
  0x03ac
  0x03b7
  0x03b9-0x03bb
  0x03bd
  0x0401
  0x0410-0x044f
  0x0451
  0x0457
  0x04b7
  0x04e3
  0x05d1
  0x05d9
  0x05e2
  0x05e8
  0x05ea
  0x0631
  0x0902
  0x0920
  0x0926
  0x092e
  0x0930
  0x0939
  0x093e-0x0940
  0x0982
  0x09ac
  0x09b2
  0x09be
  0x0a1c
  0x0a2a
  0x0a2c
  0x0a3e
  0x0a40
  0x0a70
  0x0a97
  0x0a9c
  0x0aa4
  0x0ab0
  0x0abe
  0x0ac0-0x0ac1
  0x0ba4
  0x0bae
  0x0bb4
  0x0bbf
  0x0bcd
  0x0d82
  0x0dbd
  0x0dc3-0x0dc4
  0x0dd2
  0x0e17
  0x0e20
  0x0e22
  0x0e29
  0x0e32
  0x0e44
  0x0e9e
  0x0ea5
  0x0ea7
  0x0eaa
  0x0eb2
  0x10d0
  0x10d7-0x10d8
  0x10da
  0x10e0
  0x10e3
  0x10e5
  0x1ebf
  0x1ec7
  0x201c-0x201d
  0x2022-0x2023
  0x20ac
  0x2219-0x221a
  0x2248
  0x2264-0x2265
  0x2320-0x2321
  0x2500
  0x2502
  0x250c
  0x2510
  0x2514
  0x2518
  0x251c
  0x2524
  0x252c
  0x2534
  0x253c
  0x2550-0x256c
  0x2580
  0x2584
  0x2588
  0x258c
  0x2590-0x2593
  0x25a0
  0x25b6
  0x25c0
  0x3002
  0x4e00
  0x4e0a-0x4e0b
  0x4e0d
  0x4e14
  0x4e24
  0x4e2a
  0x4e2d
  0x4e34
  0x4e3a-0x4e3b
  0x4e45
  0x4e48-0x4e49
  0x4e4b
  0x4e5f
  0x4e86
  0x4e8e
  0x4e9b
  0x4eab
  0x4eae
  0x4eba
  0x4ec0
  0x4ece
  0x4ed6
  0x4ee3-0x4ee5
  0x4ef6
  0x4efb
  0x4efd
  0x4f11
  0x4f1a
  0x4f46
  0x4f4d
  0x4f53
  0x4f55
  0x4f5c
  0x4f60
  0x4f7f
  0x4f8b
  0x4f9b
  0x4f9d
  0x4fdd
  0x4fee
  0x5019
  0x505a
  0x50cf
  0x50f5
  0x5141
  0x5165
  0x5168
  0x5171
  0x5173
  0x5176-0x5177
  0x5185
  0x5199
  0x51b5
  0x51c6
  0x51fa
  0x5206-0x5207
  0x5219
  0x5220
  0x5230
  0x5236-0x5237
  0x524d
  0x529f-0x52a1
  0x52a8-0x52a9
  0x5305
  0x5316
  0x533a
  0x533f
  0x5347
  0x5355
  0x5360
  0x5371
  0x5373
  0x5386
  0x539f
  0x53c2
  0x53ca
  0x53cd
  0x53d1
  0x53d6
  0x53e3
  0x53e6
  0x53eb
  0x53ef-0x53f0
  0x53f7
  0x5404
  0x5408
  0x540c-0x540e
  0x5411
  0x5426
  0x542b
  0x542f
  0x547d
  0x548c
  0x54ea
  0x5668
  0x56de
  0x56fa
  0x56fe
  0x5728
  0x5730
  0x57df
  0x57fa
  0x586b
  0x5904
  0x5907
  0x5916
  0x591a
  0x5927
  0x592a
  0x5931
  0x5982
  0x59cb
  0x5b57-0x5b58
  0x5b89
  0x5b9a
  0x5bb9
  0x5bdf
  0x5bf9
  0x5bfc
  0x5c06
  0x5c0f
  0x5c11
  0x5c1d
  0x5c31
  0x5c3e
  0x5c4f
  0x5de5
  0x5df2
  0x5e03
  0x5e2e
  0x5e38
  0x5e55
  0x5e74
  0x5e76
  0x5e8f
  0x5e94-0x5e95
  0x5ea6
  0x5f00
  0x5f0f
  0x5f15
  0x5f3a
  0x5f53
  0x5f55
  0x5f62
  0x5f71
  0x5f7b
  0x5f85
  0x5f88
  0x5fc3
  0x5ffd
  0x6001
  0x6094
  0x60a8
  0x60c5
  0x60f3
  0x610f
  0x6210
  0x6216
  0x6237
  0x6240
  0x624b
  0x6253
  0x626b
  0x628a
  0x62e9
  0x6301
  0x6307
  0x6309
  0x6362
  0x636e
  0x63a2
  0x63a5
  0x63a7
  0x63a9
  0x63cf-0x63d0
  0x63d2
  0x63f4
  0x652f
  0x6539
  0x653e
  0x6551
  0x6570
  0x6587
  0x65ad
  0x65b0
  0x65b9
  0x65e0
  0x65e5-0x65e6
  0x65f6
  0x660e
  0x662f
  0x663e
  0x66f4
  0x66ff
  0x6709
  0x670d
  0x672a
  0x672c
  0x673a
  0x6765
  0x6781
  0x679c
  0x6807
  0x6837-0x6838
  0x683c
  0x684c
  0x68c0
  0x6a21
  0x6b21
  0x6b62-0x6b65
  0x6b7b
  0x6bc1
  0x6bd4
  0x6ca1
  0x6ce8
  0x6d4b
  0x6d88
  0x6dc6
  0x6df7
  0x6dfb
  0x6e05
  0x6e90
  0x6eda
  0x6ee1
  0x7063
  0x706d
  0x7136
  0x7248
  0x72b6
  0x7387
  0x73b0
  0x7406
  0x751f
  0x7528
  0x7531
  0x7535
  0x754c
  0x7565
  0x75c7
  0x767b
  0x7684
  0x76d6
  0x76d8
  0x76ee
  0x76f4
  0x770b
  0x771f-0x7720
  0x77e5
  0x7801
  0x786c
  0x786e
  0x78c1
  0x793a
  0x795e
  0x7981
  0x79bb
  0x79cd
  0x7a0b
  0x7a7a
  0x7acb
  0x7b14
  0x7b26
  0x7b49
  0x7b7e
  0x7b80
  0x7ba1
  0x7cfb
  0x7e41
  0x7ea7
  0x7ecf
  0x7ed3
  0x7edc
  0x7edf
  0x7ee7
  0x7eed
  0x7f51
  0x7f6e
  0x8001
  0x8005
  0x8010
  0x80fd
  0x81ea
  0x81f3
  0x822c
  0x836f
  0x83dc
  0x867d
  0x884c
  0x8868
  0x88ab
  0x88c5
  0x8981
  0x8986
  0x89c1
  0x89c6
  0x8a00
  0x8a9e
  0x8ba4
  0x8ba9
  0x8bb0
  0x8bb8
  0x8bbe
  0x8bd5
  0x8be2
  0x8be5
  0x8bed
  0x8bef
  0x8bf4
  0x8bf7
  0x8bfb
  0x8d25
  0x8d56
  0x8d77
  0x8eab
  0x8f7d
  0x8f83
  0x8f85
  0x8fa8
  0x8fc7
  0x8fd0
  0x8fd4
  0x8fd8-0x8fd9
  0x8fdb
  0x9000
  0x9009
  0x901a
  0x9053
  0x90a3
  0x90e8
  0x90fd
  0x914d
  0x91cd
  0x94fe
  0x9519
  0x952e
  0x955c
  0x957f
  0x95ed-0x95ee
  0x95f2
  0x95f4
  0x9605
  0x9632
  0x9644
  0x9664
  0x9669
  0x9694
  0x96c6
  0x9700
  0x975e
  0x9762
  0x9875
  0x9879
  0x9891
  0x9898
  0x989d
  0x9a6c
  0x9a71
  0x9aa4
  0x9ad4
  0x9ad8
  0x9ed8
  0xae00
  0xd55c
  0xfbfd
  0xfe8e
  0xfe91
  0xfeae
  0xfeb4
  0xfecb
  0xfed3
  0xfef2
  0xff01
  0xff08-0xff09
  0xff0c-0xff0d
  0xff1a
  0xff1f

Font Size
  Height: 0
  Baseline: 0
  Line Height: 14

